2017-11-02 07:39:13 [main] INFO  c.p.m.PaysafeApiMonitoringApplicationTests - Starting PaysafeApiMonitoringApplicationTests on VR with PID 15451 (started by koko in /home/koko/dev/workspaces/jobs/paysafe-api-monitoring)
2017-11-02 07:39:13 [main] INFO  c.p.m.PaysafeApiMonitoringApplicationTests - No active profile set, falling back to default profiles: default
2017-11-02 07:39:15 [main] INFO  c.p.m.PaysafeApiMonitoringApplicationTests - Started PaysafeApiMonitoringApplicationTests in 2.121 seconds (JVM running for 2.749)
2017-11-02 07:39:29 [main] INFO  c.p.m.PaysafeApiMonitoringApplication - Starting PaysafeApiMonitoringApplication on VR with PID 15477 (/home/koko/dev/workspaces/jobs/paysafe-api-monitoring/target/classes started by koko in /home/koko/dev/workspaces/jobs/paysafe-api-monitoring)
2017-11-02 07:39:29 [main] INFO  c.p.m.PaysafeApiMonitoringApplication - No active profile set, falling back to default profiles: default
2017-11-02 07:39:29 [main] INFO  o.s.b.c.e.AnnotationConfigEmbeddedWebApplicationContext - Refreshing org.springframework.boot.context.embedded.AnnotationConfigEmbeddedWebApplicationContext@4b5a5ed1: startup date [Thu Nov 02 07:39:29 EDT 2017]; root of context hierarchy
2017-11-02 07:39:30 [main] INFO  o.s.b.c.e.t.TomcatEmbeddedServletContainer - Tomcat initialized with port(s): 8080 (http)
2017-11-02 07:39:30 [main] INFO  o.a.catalina.core.StandardService - Starting service [Tomcat]
2017-11-02 07:39:30 [main] INFO  o.a.catalina.core.StandardEngine - Starting Servlet Engine: Apache Tomcat/8.5.23
2017-11-02 07:39:30 [localhost-startStop-1] INFO  o.a.c.c.C.[Tomcat].[localhost].[/] - Initializing Spring embedded WebApplicationContext
2017-11-02 07:39:30 [localhost-startStop-1] INFO  o.s.b.w.s.ServletRegistrationBean - Mapping servlet: 'dispatcherServlet' to [/]
2017-11-02 07:39:30 [localhost-startStop-1] INFO  o.s.b.w.s.FilterRegistrationBean - Mapping filter: 'characterEncodingFilter' to: [/*]
2017-11-02 07:39:30 [localhost-startStop-1] INFO  o.s.b.w.s.FilterRegistrationBean - Mapping filter: 'hiddenHttpMethodFilter' to: [/*]
2017-11-02 07:39:30 [localhost-startStop-1] INFO  o.s.b.w.s.FilterRegistrationBean - Mapping filter: 'httpPutFormContentFilter' to: [/*]
2017-11-02 07:39:30 [localhost-startStop-1] INFO  o.s.b.w.s.FilterRegistrationBean - Mapping filter: 'requestContextFilter' to: [/*]
2017-11-02 07:39:31 [main] INFO  o.s.j.e.a.AnnotationMBeanExporter - Registering beans for JMX exposure on startup
2017-11-02 07:39:31 [main] INFO  o.s.b.c.e.t.TomcatEmbeddedServletContainer - Tomcat started on port(s): 8080 (http)
2017-11-02 07:39:31 [main] INFO  c.p.m.PaysafeApiMonitoringApplication - Started PaysafeApiMonitoringApplication in 2.408 seconds (JVM running for 2.828)
2017-11-02 07:44:26 [http-nio-8080-exec-1] INFO  o.a.c.c.C.[Tomcat].[localhost].[/] - Initializing Spring FrameworkServlet 'dispatcherServlet'
2017-11-02 07:58:36 [Thread-3] INFO  o.s.b.c.e.AnnotationConfigEmbeddedWebApplicationContext - Closing org.springframework.boot.context.embedded.AnnotationConfigEmbeddedWebApplicationContext@4b5a5ed1: startup date [Thu Nov 02 07:39:29 EDT 2017]; root of context hierarchy
2017-11-02 07:58:36 [Thread-3] INFO  o.s.j.e.a.AnnotationMBeanExporter - Unregistering JMX-exposed beans on shutdown
2017-11-02 07:58:46 [main] INFO  c.p.m.PaysafeApiMonitoringApplicationTests - Starting PaysafeApiMonitoringApplicationTests on VR with PID 15850 (started by koko in /home/koko/dev/workspaces/jobs/paysafe-api-monitoring)
2017-11-02 07:58:46 [main] INFO  c.p.m.PaysafeApiMonitoringApplicationTests - No active profile set, falling back to default profiles: default
2017-11-02 07:58:48 [main] INFO  c.p.m.PaysafeApiMonitoringApplicationTests - Started PaysafeApiMonitoringApplicationTests in 2.024 seconds (JVM running for 2.584)
2017-11-02 07:59:07 [main] INFO  c.p.m.PaysafeApiMonitoringApplication - Starting PaysafeApiMonitoringApplication on VR with PID 15884 (/home/koko/dev/workspaces/jobs/paysafe-api-monitoring/target/classes started by koko in /home/koko/dev/workspaces/jobs/paysafe-api-monitoring)
2017-11-02 07:59:07 [main] INFO  c.p.m.PaysafeApiMonitoringApplication - No active profile set, falling back to default profiles: default
2017-11-02 07:59:07 [main] INFO  o.s.b.c.e.AnnotationConfigEmbeddedWebApplicationContext - Refreshing org.springframework.boot.context.embedded.AnnotationConfigEmbeddedWebApplicationContext@4b5a5ed1: startup date [Thu Nov 02 07:59:07 EDT 2017]; root of context hierarchy
2017-11-02 07:59:08 [main] INFO  o.s.b.c.e.t.TomcatEmbeddedServletContainer - Tomcat initialized with port(s): 8080 (http)
2017-11-02 07:59:08 [main] INFO  o.a.catalina.core.StandardService - Starting service [Tomcat]
2017-11-02 07:59:08 [main] INFO  o.a.catalina.core.StandardEngine - Starting Servlet Engine: Apache Tomcat/8.5.23
2017-11-02 07:59:08 [localhost-startStop-1] INFO  o.a.c.c.C.[Tomcat].[localhost].[/] - Initializing Spring embedded WebApplicationContext
2017-11-02 07:59:09 [localhost-startStop-1] INFO  o.s.b.w.s.ServletRegistrationBean - Mapping servlet: 'dispatcherServlet' to [/]
2017-11-02 07:59:09 [localhost-startStop-1] INFO  o.s.b.w.s.FilterRegistrationBean - Mapping filter: 'characterEncodingFilter' to: [/*]
2017-11-02 07:59:09 [localhost-startStop-1] INFO  o.s.b.w.s.FilterRegistrationBean - Mapping filter: 'hiddenHttpMethodFilter' to: [/*]
2017-11-02 07:59:09 [localhost-startStop-1] INFO  o.s.b.w.s.FilterRegistrationBean - Mapping filter: 'httpPutFormContentFilter' to: [/*]
2017-11-02 07:59:09 [localhost-startStop-1] INFO  o.s.b.w.s.FilterRegistrationBean - Mapping filter: 'requestContextFilter' to: [/*]
2017-11-02 07:59:09 [main] INFO  o.s.j.e.a.AnnotationMBeanExporter - Registering beans for JMX exposure on startup
2017-11-02 07:59:09 [main] INFO  o.s.b.c.e.t.TomcatEmbeddedServletContainer - Tomcat started on port(s): 8080 (http)
2017-11-02 07:59:09 [main] INFO  c.p.m.PaysafeApiMonitoringApplication - Started PaysafeApiMonitoringApplication in 2.675 seconds (JVM running for 2.999)
2017-11-02 08:02:16 [http-nio-8080-exec-1] INFO  o.a.c.c.C.[Tomcat].[localhost].[/] - Initializing Spring FrameworkServlet 'dispatcherServlet'
2017-11-02 08:06:25 [Thread-3] INFO  o.s.b.c.e.AnnotationConfigEmbeddedWebApplicationContext - Closing org.springframework.boot.context.embedded.AnnotationConfigEmbeddedWebApplicationContext@4b5a5ed1: startup date [Thu Nov 02 07:59:07 EDT 2017]; root of context hierarchy
2017-11-02 08:06:25 [Thread-3] INFO  o.s.j.e.a.AnnotationMBeanExporter - Unregistering JMX-exposed beans on shutdown
2017-11-02 08:06:37 [main] INFO  c.p.m.PaysafeApiMonitoringApplicationTests - Starting PaysafeApiMonitoringApplicationTests on VR with PID 16129 (started by koko in /home/koko/dev/workspaces/jobs/paysafe-api-monitoring)
2017-11-02 08:06:37 [main] INFO  c.p.m.PaysafeApiMonitoringApplicationTests - No active profile set, falling back to default profiles: default
2017-11-02 08:06:39 [main] INFO  c.p.m.PaysafeApiMonitoringApplicationTests - Started PaysafeApiMonitoringApplicationTests in 2.086 seconds (JVM running for 2.614)
2017-11-02 08:07:00 [main] INFO  c.p.m.PaysafeApiMonitoringApplication - Starting PaysafeApiMonitoringApplication on VR with PID 16161 (/home/koko/dev/workspaces/jobs/paysafe-api-monitoring/target/classes started by koko in /home/koko/dev/workspaces/jobs/paysafe-api-monitoring)
2017-11-02 08:07:00 [main] INFO  c.p.m.PaysafeApiMonitoringApplication - No active profile set, falling back to default profiles: default
2017-11-02 08:07:00 [main] INFO  o.s.b.c.e.AnnotationConfigEmbeddedWebApplicationContext - Refreshing org.springframework.boot.context.embedded.AnnotationConfigEmbeddedWebApplicationContext@4b5a5ed1: startup date [Thu Nov 02 08:07:00 EDT 2017]; root of context hierarchy
2017-11-02 08:07:01 [main] INFO  o.s.b.c.e.t.TomcatEmbeddedServletContainer - Tomcat initialized with port(s): 8080 (http)
2017-11-02 08:07:01 [main] INFO  o.a.catalina.core.StandardService - Starting service [Tomcat]
2017-11-02 08:07:01 [main] INFO  o.a.catalina.core.StandardEngine - Starting Servlet Engine: Apache Tomcat/8.5.23
2017-11-02 08:07:01 [localhost-startStop-1] INFO  o.a.c.c.C.[Tomcat].[localhost].[/] - Initializing Spring embedded WebApplicationContext
2017-11-02 08:07:01 [localhost-startStop-1] INFO  o.s.b.w.s.ServletRegistrationBean - Mapping servlet: 'dispatcherServlet' to [/]
2017-11-02 08:07:01 [localhost-startStop-1] INFO  o.s.b.w.s.FilterRegistrationBean - Mapping filter: 'characterEncodingFilter' to: [/*]
2017-11-02 08:07:01 [localhost-startStop-1] INFO  o.s.b.w.s.FilterRegistrationBean - Mapping filter: 'hiddenHttpMethodFilter' to: [/*]
2017-11-02 08:07:01 [localhost-startStop-1] INFO  o.s.b.w.s.FilterRegistrationBean - Mapping filter: 'httpPutFormContentFilter' to: [/*]
2017-11-02 08:07:01 [localhost-startStop-1] INFO  o.s.b.w.s.FilterRegistrationBean - Mapping filter: 'requestContextFilter' to: [/*]
2017-11-02 08:07:02 [main] INFO  o.s.j.e.a.AnnotationMBeanExporter - Registering beans for JMX exposure on startup
2017-11-02 08:07:02 [main] INFO  o.s.b.c.e.t.TomcatEmbeddedServletContainer - Tomcat started on port(s): 8080 (http)
2017-11-02 08:07:02 [main] INFO  c.p.m.PaysafeApiMonitoringApplication - Started PaysafeApiMonitoringApplication in 2.926 seconds (JVM running for 3.284)
2017-11-02 08:07:03 [http-nio-8080-exec-1] INFO  o.a.c.c.C.[Tomcat].[localhost].[/] - Initializing Spring FrameworkServlet 'dispatcherServlet'
2017-11-02 08:10:55 [Thread-3] INFO  o.s.b.c.e.AnnotationConfigEmbeddedWebApplicationContext - Closing org.springframework.boot.context.embedded.AnnotationConfigEmbeddedWebApplicationContext@4b5a5ed1: startup date [Thu Nov 02 08:07:00 EDT 2017]; root of context hierarchy
2017-11-02 08:10:55 [Thread-3] INFO  o.s.j.e.a.AnnotationMBeanExporter - Unregistering JMX-exposed beans on shutdown
